Task 0 - Text: bla bla bla, Deadline: NULL
Task 0 inserted successfully
Task 0 - Text: one more try, Deadline: NULL
Task 0 inserted successfully
Task 0 - Raw deadline: 'NOT_SET'
Task 0 - Text: fdasafsdfadsfadsfasdfadsmmmmmmmmmmmmmmmm, Deadline: NULL
Task 0 inserted successfully
Task 0 - Raw deadline: '2025-08-10'
Task 0 - Text: please work now, Deadline: '2025-08-10'
Task 0 inserted successfully
No tasks found in POST data
No tasks found in POST data
No tasks found in POST data
No tasks found in POST data
No tasks found in POST data
No tasks found in POST data
No tasks found in POST data
No tasks found in POST data
No tasks found in POST data
No tasks found in POST data
No tasks found in POST data
No tasks found in POST data
No tasks found in POST data
No tasks found in POST data
No tasks found in POST data
No tasks found in POST data
No tasks found in POST data
No tasks found in POST data
No tasks found in POST data
No tasks found in POST data
No tasks found in POST data
No tasks found in POST data
No tasks found in POST data
No tasks found in POST data
No tasks found in POST data
No tasks found in POST data
No tasks found in POST data
No tasks found in POST data
No tasks found in POST data
No tasks found in POST data
No tasks found in POST data
No tasks found in POST data
No tasks found in POST data
No tasks found in POST data
No tasks found in POST data
Task 0 - Raw deadline: '2025-09-22'
Task 0 - Text: update CV, Deadline: '2025-09-22'
Task 0 inserted successfully
No tasks found in POST data
No tasks found in POST data
No tasks found in POST data
No tasks found in POST data
No tasks found in POST data
No tasks found in POST data
No tasks found in POST data
No tasks found in POST data
No tasks found in POST data
No tasks found in POST data
No tasks found in POST data
No tasks found in POST data
Task 0 - Raw deadline: '2025-09-23'
Task 0 - Text: Acte necesare de la secretariat:\r\n1. adeverinta de studiu (foaie matricola) cu mediile finale 9-10-11 + traducere legalizata engleza\r\n2. adeverinta de BAC (model Drive) + traducere legalizata engleza (daca nu ti se da bilingv)\r\n\r\n1. final EU selection\r\n2. supplementals: Braindeis + a new uni, Deadline: '2025-09-23'
Task 0 inserted successfully
No tasks found in POST data
No tasks found in POST data
No tasks found in POST data
No tasks found in POST data
No tasks found in POST data
Task 0 - Raw deadline: '2025-11-01'
Task 0 - Text: - finalizare portofoliu\r\n- foaie matricola, Deadline: '2025-11-01'
Task 0 inserted successfully
Task 0 - Raw deadline: ''
Task 0 - Text: - continua sa inveti pentru ARCHED, Deadline: NULL
Task 0 inserted successfully
No tasks found in POST data
No tasks found in POST data
No tasks found in POST data
No tasks found in POST data
No tasks found in POST data
No tasks found in POST data
No tasks found in POST data
No tasks found in POST data
No tasks found in POST data
No tasks found in POST data
No tasks found in POST data
No tasks found in POST data
No tasks found in POST data
No tasks found in POST data
No tasks found in POST data
No tasks found in POST data
No tasks found in POST data
No tasks found in POST data
No tasks found in POST data
No tasks found in POST data
No tasks found in POST data
No tasks found in POST data
No tasks found in POST data
No tasks found in POST data
No tasks found in POST data
No tasks found in POST data
No tasks found in POST data
No tasks found in POST data
No tasks found in POST data
Task 0 - Raw deadline: '2025-09-30'
Task 0 - Text: 1. check out the Progress Foundation opportunity\r\n2. Acte necesare de la secretariat:\r\n- adeverinta de studii (foaia matricola) cu mediile finale/materie la cl. 9-11\r\n- adeverinta de BAC\r\n* documentele eliberate doar in romana necesita traducere legalizata in engleza\r\n\r\n3. proritizare universitati EU (in afara de Germania), Deadline: '2025-09-30'
Task 0 inserted successfully
No tasks found in POST data
No tasks found in POST data
No tasks found in POST data
Task 0 - Raw deadline: '2025-09-22'
Task 0 - Text: 1. pt recomandari: 1 counselor, 2 teachers + extra - nume complet, functia exacta, mail oficial\r\n2. choose the EU courses\r\n3. scan de documente pe Drive\r\n4. supplementals, Deadline: '2025-09-22'
Task 0 inserted successfully
No tasks found in POST data
No tasks found in POST data
No tasks found in POST data
No tasks found in POST data
No tasks found in POST data
No tasks found in POST data
No tasks found in POST data
No tasks found in POST data
No tasks found in POST data
No tasks found in POST data
No tasks found in POST data
No tasks found in POST data
No tasks found in POST data
No tasks found in POST data
No tasks found in POST data
No tasks found in POST data
No tasks found in POST data
No tasks found in POST data
No tasks found in POST data
No tasks found in POST data
No tasks found in POST data
No tasks found in POST data
Task 0 - Raw deadline: '2025-09-24'
Task 0 - Text: 1. emails catre recruiters\r\n2. essays - commonapp - supplementals - https://drive.google.com/drive/u/4/folders/1COMntnH5U0hvkLFt8xBUukIzbAO5ccOY, Deadline: '2025-09-24'
Task 0 inserted successfully
Task 0 - Raw deadline: ''
Task 0 - Text: 1. scrisori de recomandare: Kudret + 2 profesori liceu - nume complet, functia exacta si mail de scoala \r\n2. introduci activitatile din CV in CommonApp\r\n3. finish CommonApp si Columbia essays\r\n4. choose another EA uni to do the supplementals, Deadline: NULL
Task 0 inserted successfully
No tasks found in POST data
No tasks found in POST data
No tasks found in POST data
No tasks found in POST data
No tasks found in POST data
No tasks found in POST data
No tasks found in POST data
No tasks found in POST data
No tasks found in POST data
No tasks found in POST data
No tasks found in POST data
No tasks found in POST data
No tasks found in POST data
No tasks found in POST data
No tasks found in POST data
No tasks found in POST data
No tasks found in POST data
No tasks found in POST data
No tasks found in POST data
No tasks found in POST data
No tasks found in POST data
No tasks found in POST data
No tasks found in POST data
No tasks found in POST data
No tasks found in POST data
Task 0 - Raw deadline: '2025-09-30'
Task 0 - Text: Draft CV, Deadline: '2025-09-30'
Task 0 inserted successfully
No tasks found in POST data
No tasks found in POST data
No tasks found in POST data
No tasks found in POST data
No tasks found in POST data
No tasks found in POST data
Task 0 - Raw deadline: '2025-09-27'
Task 0 - Text: de completat lista cu idei de eseuri, Deadline: '2025-09-27'
Task 0 inserted successfully
No tasks found in POST data
No tasks found in POST data
No tasks found in POST data
No tasks found in POST data
No tasks found in POST data
No tasks found in POST data
No tasks found in POST data
No tasks found in POST data
Task 0 - Raw deadline: '2025-09-30'
Task 0 - Text: 1. supplementals\r\n2. rec. letters\r\n3. completare copie CSS form, Deadline: '2025-09-30'
Task 0 inserted successfully
No tasks found in POST data
No tasks found in POST data
No tasks found in POST data
No tasks found in POST data
No tasks found in POST data
No tasks found in POST data
No tasks found in POST data
No tasks found in POST data
No tasks found in POST data
No tasks found in POST data
No tasks found in POST data
Task 0 - Raw deadline: '2025-09-30'
Task 0 - Text: 1. invitare recommenders (daca facem noi: username si parola de la contul lor de CommonApp)\r\n2. MIT essays + Columbia adversity\r\n3. scan acte, Deadline: '2025-09-30'
Task 0 inserted successfully
No tasks found in POST data
No tasks found in POST data
No tasks found in POST data
No tasks found in POST data
No tasks found in POST data
No tasks found in POST data
No tasks found in POST data
No tasks found in POST data
No tasks found in POST data
No tasks found in POST data
No tasks found in POST data
No tasks found in POST data
No tasks found in POST data
No tasks found in POST data
No tasks found in POST data
No tasks found in POST data
No tasks found in POST data
No tasks found in POST data
No tasks found in POST data
No tasks found in POST data
No tasks found in POST data
No tasks found in POST data
No tasks found in POST data
No tasks found in POST data
No tasks found in POST data
No tasks found in POST data
No tasks found in POST data
No tasks found in POST data
No tasks found in POST data
No tasks found in POST data
Task 0 - Raw deadline: '2025-09-30'
Task 0 - Text: Acte necesaere:\r\n1. adeverinta de studii (foaie matricola) cu mediile finale din clasele 9-10-11 + traducere legalizata in engleza\r\n2. adeverinta de BAC (model la Documents in Drive)\r\n3. sa discuti cu privire la recomandare\r\n4. scan certificat engleza - Documents\r\nupdate CV - cu activitati pe sustenabilitate (High School Green week)\r\n\r\nTeme extra:\r\n1. alege programul dorit la Hosei, Deadline: '2025-09-30'
Task 0 inserted successfully
No tasks found in POST data
No tasks found in POST data
No tasks found in POST data
No tasks found in POST data
No tasks found in POST data
No tasks found in POST data
Task 0 - Raw deadline: '2025-10-01'
Task 0 - Text: Acte necesare:\r\n1. adeverinta de studiu (foaie matricola) 9-10-11 medii finale + traducere legalizata in engleza\r\n2. adeverinta BAC + traducere legalizata in engleza (model pe Drive la documents)\r\n3. scan ID/pasaport\r\n4. poza digitala color tip pasaport\r\n5. scan certificat engleza / certificat franceza\r\n6. CV up to date in engleza \r\n7. eseuri Ecole, Deadline: '2025-10-01'
Task 0 inserted successfully
No tasks found in POST data
No tasks found in POST data
No tasks found in POST data
No tasks found in POST data
No tasks found in POST data
No tasks found in POST data
No tasks found in POST data
No tasks found in POST data
No tasks found in POST data
Task 0 - Raw deadline: ''
Task 0 - Text: 1. CAE certificate scan fata-verso\r\n2. creare cont nou gmail pt aplicari\r\n3. pt recomandare - detalii despre prof, evaluare academica, evaluare generala (2-3 elemente din CV), overall recomandare pt program, Deadline: NULL
Task 0 inserted successfully
No tasks found in POST data
No tasks found in POST data
No tasks found in POST data
No tasks found in POST data
No tasks found in POST data
No tasks found in POST data
No tasks found in POST data
No tasks found in POST data
No tasks found in POST data
No tasks found in POST data
No tasks found in POST data
No tasks found in POST data
No tasks found in POST data
No tasks found in POST data
No tasks found in POST data
No tasks found in POST data
